18-Nov-23 14:04:01 - Начинаем игру с 3 бочонками
18-Nov-23 14:04:06 - Выпал бочонок под номером: 1
18-Nov-23 14:04:09 - Выпал бочонок под номером: 2
18-Nov-23 14:04:11 - Выпал бочонок под номером: 3
18-Nov-23 14:04:13 - Бочонки закончились
18-Nov-23 14:51:38 - Начинаем игру с 3 бочонками
18-Nov-23 14:51:39 - Выпал бочонок под номером: 2
18-Nov-23 14:51:41 - Выпал бочонок под номером: 1
18-Nov-23 14:51:42 - Выпал бочонок под номером: 3
18-Nov-23 14:51:43 - Бочонки закончились
18-Nov-23 14:51:54 - Начинаем игру с 3 бочонками
18-Nov-23 14:51:55 - Выпал бочонок под номером: 3
18-Nov-23 14:51:56 - Выпал бочонок под номером: 2
18-Nov-23 14:51:56 - Выпал бочонок под номером: 1
18-Nov-23 14:51:59 - Бочонки закончились
18-Nov-23 14:52:03 - Начинаем игру с 25 бочонками
18-Nov-23 14:52:04 - Выпал бочонок под номером: 24
18-Nov-23 14:52:05 - Выпал бочонок под номером: 9
18-Nov-23 14:52:06 - Выпал бочонок под номером: 15
18-Nov-23 14:52:07 - Выпал бочонок под номером: 19
18-Nov-23 14:56:49 - Начинаем игру с 3 бочонками
18-Nov-23 14:56:50 - Выпал бочонок под номером: 3
18-Nov-23 14:56:51 - Выпал бочонок под номером: 1
18-Nov-23 14:56:52 - Выпал бочонок под номером: 2
18-Nov-23 14:56:53 - Бочонки закончились
18-Nov-23 15:45:36 - Начинаем игру с 7 бочонками
18-Nov-23 15:45:41 - Выпал бочонок под номером: 6
18-Nov-23 15:45:42 - Выпал бочонок под номером: 5
18-Nov-23 15:45:44 - Выпал бочонок под номером: 4
18-Nov-23 15:45:45 - Выпал бочонок под номером: 3
18-Nov-23 15:45:47 - Выпал бочонок под номером: 1
18-Nov-23 15:45:51 - Выпал бочонок под номером: 2
18-Nov-23 15:45:52 - Выпал бочонок под номером: 7
18-Nov-23 15:45:54 - Бочонки закончились
18-Nov-23 15:47:07 - Начинаем игру с 0 бочонками
18-Nov-23 15:47:07 - Число бочонков должно быть натуральным числом.
18-Nov-23 15:47:12 - Начинаем игру с -1 бочонками
18-Nov-23 15:47:12 - Число бочонков должно быть натуральным числом.
18-Nov-23 15:48:39 - Начинаем игру с 0 бочонками
18-Nov-23 15:48:39 - Число бочонков должно быть натуральным числом.
18-Nov-23 15:49:35 - Начинаем игру с 7 бочонками
18-Nov-23 15:49:38 - Выпал бочонок под номером: 5
18-Nov-23 15:49:39 - Выпал бочонок под номером: 1
18-Nov-23 15:49:40 - Выпал бочонок под номером: 3
18-Nov-23 15:49:41 - Выпал бочонок под номером: 2
18-Nov-23 15:49:42 - Выпал бочонок под номером: 6
18-Nov-23 15:49:43 - Выпал бочонок под номером: 7
18-Nov-23 15:49:44 - Выпал бочонок под номером: 4
18-Nov-23 15:49:46 - Бочонки закончились
18-Nov-23 15:50:47 - Начинаем игру с 13 бочонками
18-Nov-23 15:50:49 - Выпал бочонок под номером: 2
18-Nov-23 15:50:52 - Выпал бочонок под номером: 3
18-Nov-23 15:50:53 - Выпал бочонок под номером: 11
18-Nov-23 15:50:53 - Выпал бочонок под номером: 13
18-Nov-23 15:50:54 - Выпал бочонок под номером: 7
18-Nov-23 15:50:55 - Выпал бочонок под номером: 6
18-Nov-23 15:50:56 - Выпал бочонок под номером: 4
18-Nov-23 15:50:56 - Выпал бочонок под номером: 12
18-Nov-23 15:50:58 - Выпал бочонок под номером: 9
18-Nov-23 15:50:58 - Выпал бочонок под номером: 5
18-Nov-23 15:50:59 - Выпал бочонок под номером: 8
18-Nov-23 15:50:59 - Выпал бочонок под номером: 10
18-Nov-23 15:51:00 - Выпал бочонок под номером: 1
18-Nov-23 15:51:02 - Бочонки закончились
18-Nov-23 15:53:04 - Начинаем игру с 25 бочонками
18-Nov-23 15:53:07 - Выпал бочонок под номером: 13
18-Nov-23 15:53:08 - Выпал бочонок под номером: 20
18-Nov-23 15:53:09 - Выпал бочонок под номером: 18
18-Nov-23 15:53:10 - Выпал бочонок под номером: 4
18-Nov-23 15:53:11 - Выпал бочонок под номером: 11
18-Nov-23 15:53:11 - Выпал бочонок под номером: 3
18-Nov-23 15:53:12 - Выпал бочонок под номером: 15
18-Nov-23 15:53:13 - Выпал бочонок под номером: 5
18-Nov-23 15:53:13 - Выпал бочонок под номером: 14
18-Nov-23 15:53:14 - Выпал бочонок под номером: 6
18-Nov-23 15:53:15 - Выпал бочонок под номером: 21
18-Nov-23 15:53:16 - Выпал бочонок под номером: 9
18-Nov-23 15:53:17 - Выпал бочонок под номером: 10
18-Nov-23 15:53:17 - Выпал бочонок под номером: 22
18-Nov-23 15:53:18 - Выпал бочонок под номером: 17
18-Nov-23 15:53:20 - Выпал бочонок под номером: 8
18-Nov-23 15:53:21 - Выпал бочонок под номером: 7
18-Nov-23 15:53:22 - Выпал бочонок под номером: 25
18-Nov-23 15:53:22 - Выпал бочонок под номером: 16
18-Nov-23 15:53:24 - Выпал бочонок под номером: 19
18-Nov-23 15:53:25 - Выпал бочонок под номером: 2
18-Nov-23 15:53:26 - Выпал бочонок под номером: 24
18-Nov-23 15:53:27 - Выпал бочонок под номером: 23
18-Nov-23 15:53:28 - Выпал бочонок под номером: 1
18-Nov-23 15:53:29 - Выпал бочонок под номером: 12
18-Nov-23 15:53:30 - Бочонки закончились
